{"/home/ubuntu/Desktop/Github/slow/src/slow.ts": {"path":"/home/ubuntu/Desktop/Github/slow/src/slow.ts","statementMap":{"0":{"start":{"line":12,"column":4},"end":{"line":12,"column":31}},"1":{"start":{"line":13,"column":4},"end":{"line":19,"column":6}},"2":{"start":{"line":23,"column":4},"end":{"line":23,"column":21}},"3":{"start":{"line":24,"column":4},"end":{"line":24,"column":33}},"4":{"start":{"line":28,"column":21},"end":{"line":28,"column":33}},"5":{"start":{"line":29,"column":4},"end":{"line":29,"column":71}},"6":{"start":{"line":33,"column":4},"end":{"line":33,"column":33}},"7":{"start":{"line":38,"column":19},"end":{"line":38,"column":29}}},"fnMap":{"0":{"name":"(anonymous_0)","decl":{"start":{"line":11,"column":2},"end":{"line":11,"column":null}},"loc":{"start":{"line":11,"column":2},"end":{"line":20,"column":3}}},"1":{"name":"(anonymous_1)","decl":{"start":{"line":22,"column":10},"end":{"line":22,"column":15}},"loc":{"start":{"line":22,"column":58},"end":{"line":25,"column":3}}},"2":{"name":"(anonymous_2)","decl":{"start":{"line":27,"column":2},"end":{"line":27,"column":8}},"loc":{"start":{"line":27,"column":45},"end":{"line":30,"column":3}}},"3":{"name":"(anonymous_3)","decl":{"start":{"line":32,"column":2},"end":{"line":32,"column":7}},"loc":{"start":{"line":32,"column":23},"end":{"line":34,"column":3}}}},"branchMap":{"0":{"loc":{"start":{"line":28,"column":21},"end":{"line":28,"column":33}},"type":"binary-expr","locations":[{"start":{"line":28,"column":21},"end":{"line":28,"column":25}},{"start":{"line":28,"column":29},"end":{"line":28,"column":33}}]}},"s":{"0":11,"1":11,"2":11,"3":11,"4":4,"5":4,"6":5,"7":2},"f":{"0":11,"1":11,"2":4,"3":5},"b":{"0":[4,1]}}
,"/home/ubuntu/Desktop/Github/slow/src/router/Request.ts": {"path":"/home/ubuntu/Desktop/Github/slow/src/router/Request.ts","statementMap":{"0":{"start":{"line":7,"column":6},"end":{"line":7,"column":8}},"1":{"start":{"line":8,"column":17},"end":{"line":8,"column":19}},"2":{"start":{"line":9,"column":35},"end":{"line":9,"column":37}},"3":{"start":{"line":11,"column":4},"end":{"line":11,"column":18}},"4":{"start":{"line":15,"column":19},"end":{"line":20,"column":6}},"5":{"start":{"line":16,"column":6},"end":{"line":18,"column":9}},"6":{"start":{"line":17,"column":8},"end":{"line":17,"column":37}},"7":{"start":{"line":19,"column":6},"end":{"line":19,"column":30}},"8":{"start":{"line":21,"column":20},"end":{"line":23,"column":6}},"9":{"start":{"line":22,"column":6},"end":{"line":22,"column":32}},"10":{"start":{"line":25,"column":4},"end":{"line":25,"column":41}},"11":{"start":{"line":26,"column":4},"end":{"line":26,"column":24}},"12":{"start":{"line":30,"column":4},"end":{"line":37,"column":null}},"13":{"start":{"line":32,"column":8},"end":{"line":32,"column":31}},"14":{"start":{"line":33,"column":8},"end":{"line":33,"column":14}},"15":{"start":{"line":35,"column":8},"end":{"line":35,"column":32}},"16":{"start":{"line":36,"column":8},"end":{"line":36,"column":14}},"17":{"start":{"line":41,"column":16},"end":{"line":41,"column":24}},"18":{"start":{"line":43,"column":4},"end":{"line":50,"column":null}},"19":{"start":{"line":44,"column":21},"end":{"line":44,"column":63}},"20":{"start":{"line":45,"column":6},"end":{"line":47,"column":9}},"21":{"start":{"line":46,"column":8},"end":{"line":46,"column":31}},"22":{"start":{"line":49,"column":6},"end":{"line":49,"column":21}},"23":{"start":{"line":54,"column":4},"end":{"line":54,"column":19}},"24":{"start":{"line":55,"column":24},"end":{"line":55,"column":53}},"25":{"start":{"line":56,"column":4},"end":{"line":60,"column":null}},"26":{"start":{"line":57,"column":6},"end":{"line":57,"column":40}},"27":{"start":{"line":59,"column":6},"end":{"line":59,"column":21}}},"fnMap":{"0":{"name":"(anonymous_0)","decl":{"start":{"line":10,"column":2},"end":{"line":10,"column":14}},"loc":{"start":{"line":10,"column":28},"end":{"line":12,"column":3}}},"1":{"name":"(anonymous_1)","decl":{"start":{"line":14,"column":2},"end":{"line":14,"column":7}},"loc":{"start":{"line":14,"column":12},"end":{"line":27,"column":3}}},"2":{"name":"(anonymous_2)","decl":{"start":{"line":15,"column":31},"end":{"line":15,"column":32}},"loc":{"start":{"line":15,"column":43},"end":{"line":20,"column":5}}},"3":{"name":"(anonymous_3)","decl":{"start":{"line":16,"column":22},"end":{"line":16,"column":23}},"loc":{"start":{"line":16,"column":39},"end":{"line":18,"column":7}}},"4":{"name":"(anonymous_4)","decl":{"start":{"line":21,"column":32},"end":{"line":21,"column":33}},"loc":{"start":{"line":21,"column":44},"end":{"line":23,"column":5}}},"5":{"name":"(anonymous_5)","decl":{"start":{"line":29,"column":2},"end":{"line":29,"column":14}},"loc":{"start":{"line":29,"column":14},"end":{"line":38,"column":3}}},"6":{"name":"(anonymous_6)","decl":{"start":{"line":40,"column":2},"end":{"line":40,"column":17}},"loc":{"start":{"line":40,"column":17},"end":{"line":51,"column":3}}},"7":{"name":"(anonymous_7)","decl":{"start":{"line":45,"column":21},"end":{"line":45,"column":22}},"loc":{"start":{"line":45,"column":36},"end":{"line":47,"column":7}}},"8":{"name":"(anonymous_8)","decl":{"start":{"line":53,"column":2},"end":{"line":53,"column":18}},"loc":{"start":{"line":53,"column":18},"end":{"line":61,"column":3}}}},"branchMap":{"0":{"loc":{"start":{"line":30,"column":4},"end":{"line":37,"column":null}},"type":"switch","locations":[{"start":{"line":31,"column":6},"end":{"line":33,"column":14}},{"start":{"line":34,"column":6},"end":{"line":36,"column":14}}]},"1":{"loc":{"start":{"line":43,"column":4},"end":{"line":50,"column":null}},"type":"if","locations":[{"start":{"line":43,"column":4},"end":{"line":50,"column":null}},{"start":{"line":48,"column":11},"end":{"line":50,"column":null}}]},"2":{"loc":{"start":{"line":43,"column":8},"end":{"line":43,"column":53}},"type":"binary-expr","locations":[{"start":{"line":43,"column":8},"end":{"line":43,"column":23}},{"start":{"line":43,"column":27},"end":{"line":43,"column":53}}]},"3":{"loc":{"start":{"line":56,"column":4},"end":{"line":60,"column":null}},"type":"if","locations":[{"start":{"line":56,"column":4},"end":{"line":60,"column":null}},{"start":{"line":58,"column":11},"end":{"line":60,"column":null}}]}},"s":{"0":11,"1":11,"2":11,"3":11,"4":11,"5":11,"6":2,"7":11,"8":11,"9":11,"10":11,"11":11,"12":11,"13":9,"14":9,"15":2,"16":2,"17":9,"18":9,"19":1,"20":1,"21":1,"22":8,"23":2,"24":2,"25":2,"26":1,"27":1},"f":{"0":11,"1":11,"2":11,"3":2,"4":11,"5":11,"6":9,"7":1,"8":2},"b":{"0":[9,2],"1":[1,8],"2":[9,9],"3":[1,1]}}
,"/home/ubuntu/Desktop/Github/slow/src/router/Response.ts": {"path":"/home/ubuntu/Desktop/Github/slow/src/router/Response.ts","statementMap":{"0":{"start":{"line":8,"column":4},"end":{"line":8,"column":15}},"1":{"start":{"line":11,"column":4},"end":{"line":11,"column":19}},"2":{"start":{"line":12,"column":4},"end":{"line":12,"column":16}}},"fnMap":{"0":{"name":"(anonymous_0)","decl":{"start":{"line":7,"column":2},"end":{"line":7,"column":14}},"loc":{"start":{"line":7,"column":26},"end":{"line":9,"column":3}}},"1":{"name":"(anonymous_1)","decl":{"start":{"line":10,"column":2},"end":{"line":10,"column":6}},"loc":{"start":{"line":10,"column":16},"end":{"line":13,"column":3}}}},"branchMap":{},"s":{"0":11,"1":5,"2":5},"f":{"0":11,"1":5},"b":{}}
,"/home/ubuntu/Desktop/Github/slow/src/router/Route.ts": {"path":"/home/ubuntu/Desktop/Github/slow/src/router/Route.ts","statementMap":{"0":{"start":{"line":15,"column":4},"end":{"line":15,"column":21}},"1":{"start":{"line":16,"column":4},"end":{"line":16,"column":22}},"2":{"start":{"line":17,"column":4},"end":{"line":17,"column":55}},"3":{"start":{"line":21,"column":20},"end":{"line":21,"column":35}},"4":{"start":{"line":22,"column":4},"end":{"line":26,"column":null}},"5":{"start":{"line":22,"column":17},"end":{"line":22,"column":18}},"6":{"start":{"line":23,"column":6},"end":{"line":25,"column":null}},"7":{"start":{"line":24,"column":8},"end":{"line":24,"column":39}}},"fnMap":{"0":{"name":"(anonymous_0)","decl":{"start":{"line":14,"column":2},"end":{"line":14,"column":14}},"loc":{"start":{"line":14,"column":26},"end":{"line":18,"column":3}}},"1":{"name":"(anonymous_1)","decl":{"start":{"line":20,"column":2},"end":{"line":20,"column":22}},"loc":{"start":{"line":20,"column":35},"end":{"line":27,"column":3}}}},"branchMap":{"0":{"loc":{"start":{"line":23,"column":6},"end":{"line":25,"column":null}},"type":"if","locations":[{"start":{"line":23,"column":6},"end":{"line":25,"column":null}},{"start":{"line":23,"column":6},"end":{"line":25,"column":null}}]}},"s":{"0":7,"1":7,"2":7,"3":7,"4":7,"5":7,"6":16,"7":1},"f":{"0":7,"1":7},"b":{"0":[1,15]}}
,"/home/ubuntu/Desktop/Github/slow/src/router/Router.ts": {"path":"/home/ubuntu/Desktop/Github/slow/src/router/Router.ts","statementMap":{"0":{"start":{"line":10,"column":37},"end":{"line":10,"column":39}},"1":{"start":{"line":11,"column":47},"end":{"line":11,"column":49}},"2":{"start":{"line":15,"column":10},"end":{"line":24,"column":3}},"3":{"start":{"line":20,"column":23},"end":{"line":20,"column":43}},"4":{"start":{"line":21,"column":18},"end":{"line":21,"column":33}},"5":{"start":{"line":22,"column":4},"end":{"line":22,"column":37}},"6":{"start":{"line":23,"column":4},"end":{"line":23,"column":36}},"7":{"start":{"line":27,"column":17},"end":{"line":27,"column":35}},"8":{"start":{"line":28,"column":19},"end":{"line":28,"column":38}},"9":{"start":{"line":29,"column":18},"end":{"line":29,"column":35}},"10":{"start":{"line":31,"column":4},"end":{"line":35,"column":null}},"11":{"start":{"line":32,"column":23},"end":{"line":32,"column":44}},"12":{"start":{"line":33,"column":6},"end":{"line":33,"column":25}},"13":{"start":{"line":34,"column":6},"end":{"line":34,"column":13}},"14":{"start":{"line":37,"column":28},"end":{"line":37,"column":57}},"15":{"start":{"line":38,"column":29},"end":{"line":38,"column":57}},"16":{"start":{"line":39,"column":4},"end":{"line":44,"column":null}},"17":{"start":{"line":40,"column":6},"end":{"line":40,"column":72}},"18":{"start":{"line":41,"column":23},"end":{"line":41,"column":55}},"19":{"start":{"line":42,"column":6},"end":{"line":42,"column":25}},"20":{"start":{"line":43,"column":6},"end":{"line":43,"column":13}},"21":{"start":{"line":47,"column":19},"end":{"line":47,"column":34}},"22":{"start":{"line":48,"column":4},"end":{"line":57,"column":null}},"23":{"start":{"line":49,"column":27},"end":{"line":49,"column":67}},"24":{"start":{"line":50,"column":28},"end":{"line":50,"column":53}},"25":{"start":{"line":51,"column":6},"end":{"line":55,"column":null}},"26":{"start":{"line":52,"column":25},"end":{"line":52,"column":54}},"27":{"start":{"line":53,"column":8},"end":{"line":53,"column":27}},"28":{"start":{"line":54,"column":8},"end":{"line":54,"column":15}},"29":{"start":{"line":56,"column":6},"end":{"line":56,"column":39}},"30":{"start":{"line":60,"column":4},"end":{"line":80,"column":null}},"31":{"start":{"line":61,"column":19},"end":{"line":61,"column":40}},"32":{"start":{"line":63,"column":6},"end":{"line":79,"column":null}},"33":{"start":{"line":64,"column":8},"end":{"line":78,"column":null}},"34":{"start":{"line":65,"column":10},"end":{"line":72,"column":null}},"35":{"start":{"line":66,"column":28},"end":{"line":66,"column":65}},"36":{"start":{"line":67,"column":12},"end":{"line":67,"column":31}},"37":{"start":{"line":68,"column":12},"end":{"line":68,"column":22}},"38":{"start":{"line":69,"column":12},"end":{"line":69,"column":19}},"39":{"start":{"line":71,"column":12},"end":{"line":71,"column":18}},"40":{"start":{"line":74,"column":26},"end":{"line":74,"column":47}},"41":{"start":{"line":75,"column":10},"end":{"line":75,"column":29}},"42":{"start":{"line":76,"column":10},"end":{"line":76,"column":20}},"43":{"start":{"line":77,"column":10},"end":{"line":77,"column":17}},"44":{"start":{"line":81,"column":4},"end":{"line":81,"column":25}},"45":{"start":{"line":82,"column":4},"end":{"line":82,"column":19}},"46":{"start":{"line":86,"column":4},"end":{"line":86,"column":30}},"47":{"start":{"line":90,"column":16},"end":{"line":90,"column":44}},"48":{"start":{"line":91,"column":17},"end":{"line":91,"column":34}},"49":{"start":{"line":92,"column":4},"end":{"line":92,"column":16}},"50":{"start":{"line":96,"column":4},"end":{"line":96,"column":37}},"51":{"start":{"line":100,"column":20},"end":{"line":100,"column":35}},"52":{"start":{"line":101,"column":26},"end":{"line":106,"column":6}},"53":{"start":{"line":102,"column":6},"end":{"line":104,"column":null}},"54":{"start":{"line":103,"column":8},"end":{"line":103,"column":21}},"55":{"start":{"line":105,"column":6},"end":{"line":105,"column":15}},"56":{"start":{"line":107,"column":4},"end":{"line":107,"column":35}},"57":{"start":{"line":111,"column":28},"end":{"line":115,"column":21}},"58":{"start":{"line":116,"column":4},"end":{"line":116,"column":27}},"59":{"start":{"line":120,"column":25},"end":{"line":120,"column":76}},"60":{"start":{"line":121,"column":4},"end":{"line":121,"column":24}}},"fnMap":{"0":{"name":"(anonymous_0)","decl":{"start":{"line":13,"column":2},"end":{"line":13,"column":17}},"loc":{"start":{"line":13,"column":2},"end":{"line":13,"column":18}}},"1":{"name":"(anonymous_1)","decl":{"start":{"line":15,"column":10},"end":{"line":15,"column":null}},"loc":{"start":{"line":19,"column":6},"end":{"line":24,"column":3}}},"2":{"name":"(anonymous_2)","decl":{"start":{"line":26,"column":2},"end":{"line":26,"column":8}},"loc":{"start":{"line":26,"column":44},"end":{"line":83,"column":3}}},"3":{"name":"(anonymous_3)","decl":{"start":{"line":85,"column":2},"end":{"line":85,"column":8}},"loc":{"start":{"line":85,"column":21},"end":{"line":87,"column":3}}},"4":{"name":"(anonymous_4)","decl":{"start":{"line":89,"column":10},"end":{"line":89,"column":18}},"loc":{"start":{"line":89,"column":35},"end":{"line":93,"column":3}}},"5":{"name":"(anonymous_5)","decl":{"start":{"line":95,"column":10},"end":{"line":95,"column":19}},"loc":{"start":{"line":95,"column":36},"end":{"line":97,"column":3}}},"6":{"name":"(anonymous_6)","decl":{"start":{"line":99,"column":10},"end":{"line":99,"column":19}},"loc":{"start":{"line":99,"column":32},"end":{"line":108,"column":3}}},"7":{"name":"(anonymous_7)","decl":{"start":{"line":101,"column":38},"end":{"line":101,"column":39}},"loc":{"start":{"line":101,"column":44},"end":{"line":106,"column":5}}},"8":{"name":"(anonymous_8)","decl":{"start":{"line":110,"column":10},"end":{"line":110,"column":28}},"loc":{"start":{"line":110,"column":41},"end":{"line":117,"column":3}}},"9":{"name":"(anonymous_9)","decl":{"start":{"line":119,"column":10},"end":{"line":119,"column":25}},"loc":{"start":{"line":119,"column":38},"end":{"line":122,"column":3}}}},"branchMap":{"0":{"loc":{"start":{"line":31,"column":4},"end":{"line":35,"column":null}},"type":"if","locations":[{"start":{"line":31,"column":4},"end":{"line":35,"column":null}},{"start":{"line":31,"column":4},"end":{"line":35,"column":null}}]},"1":{"loc":{"start":{"line":39,"column":4},"end":{"line":44,"column":null}},"type":"if","locations":[{"start":{"line":39,"column":4},"end":{"line":44,"column":null}},{"start":{"line":39,"column":4},"end":{"line":44,"column":null}}]},"2":{"loc":{"start":{"line":51,"column":6},"end":{"line":55,"column":null}},"type":"if","locations":[{"start":{"line":51,"column":6},"end":{"line":55,"column":null}},{"start":{"line":51,"column":6},"end":{"line":55,"column":null}}]},"3":{"loc":{"start":{"line":63,"column":6},"end":{"line":79,"column":null}},"type":"if","locations":[{"start":{"line":63,"column":6},"end":{"line":79,"column":null}},{"start":{"line":63,"column":6},"end":{"line":79,"column":null}}]},"4":{"loc":{"start":{"line":64,"column":8},"end":{"line":78,"column":null}},"type":"if","locations":[{"start":{"line":64,"column":8},"end":{"line":78,"column":null}},{"start":{"line":73,"column":15},"end":{"line":78,"column":null}}]},"5":{"loc":{"start":{"line":65,"column":10},"end":{"line":72,"column":null}},"type":"if","locations":[{"start":{"line":65,"column":10},"end":{"line":72,"column":null}},{"start":{"line":70,"column":17},"end":{"line":72,"column":null}}]},"6":{"loc":{"start":{"line":102,"column":6},"end":{"line":104,"column":null}},"type":"if","locations":[{"start":{"line":102,"column":6},"end":{"line":104,"column":null}},{"start":{"line":102,"column":6},"end":{"line":104,"column":null}}]}},"s":{"0":11,"1":11,"2":11,"3":7,"4":7,"5":7,"6":7,"7":11,"8":11,"9":11,"10":11,"11":4,"12":4,"13":4,"14":7,"15":7,"16":7,"17":1,"18":1,"19":1,"20":1,"21":6,"22":6,"23":6,"24":6,"25":6,"26":1,"27":1,"28":1,"29":5,"30":5,"31":4,"32":4,"33":3,"34":2,"35":1,"36":1,"37":1,"38":1,"39":1,"40":1,"41":1,"42":1,"43":1,"44":3,"45":3,"46":4,"47":11,"48":11,"49":11,"50":11,"51":7,"52":7,"53":16,"54":1,"55":15,"56":7,"57":7,"58":7,"59":6,"60":6},"f":{"0":11,"1":7,"2":11,"3":4,"4":11,"5":11,"6":7,"7":16,"8":7,"9":6},"b":{"0":[4,7],"1":[1,6],"2":[1,5],"3":[3,1],"4":[2,1],"5":[1,1],"6":[1,15]}}
}
