{"/home/ubuntu/Desktop/Github/slow/index.js": {"path":"/home/ubuntu/Desktop/Github/slow/index.js","statementMap":{},"fnMap":{},"branchMap":{},"s":{},"f":{},"b":{},"_coverageSchema":"1a1c01bbd47fc00a2c39e90264f33305004495a9","hash":"c2fbcfc7ac52761e73852192746369f66557de19"}
,"/home/ubuntu/Desktop/Github/slow/build/slow.js": {"path":"/home/ubuntu/Desktop/Github/slow/build/slow.js","statementMap":{"0":{"start":{"line":2,"column":2},"end":{"line":33,"column":3}},"1":{"start":{"line":5,"column":6},"end":{"line":9,"column":13}},"2":{"start":{"line":8,"column":12},"end":{"line":8,"column":27}},"3":{"start":{"line":11,"column":4},"end":{"line":32,"column":7}},"4":{"start":{"line":13,"column":8},"end":{"line":17,"column":9}},"5":{"start":{"line":14,"column":10},"end":{"line":14,"column":38}},"6":{"start":{"line":16,"column":10},"end":{"line":16,"column":20}},"7":{"start":{"line":20,"column":8},"end":{"line":24,"column":9}},"8":{"start":{"line":21,"column":10},"end":{"line":21,"column":42}},"9":{"start":{"line":23,"column":10},"end":{"line":23,"column":20}},"10":{"start":{"line":27,"column":8},"end":{"line":29,"column":58}},"11":{"start":{"line":31,"column":6},"end":{"line":31,"column":76}},"12":{"start":{"line":40,"column":4},"end":{"line":40,"column":31}},"13":{"start":{"line":43,"column":4},"end":{"line":46,"column":7}},"14":{"start":{"line":44,"column":6},"end":{"line":44,"column":23}},"15":{"start":{"line":45,"column":6},"end":{"line":45,"column":35}},"16":{"start":{"line":49,"column":21},"end":{"line":49,"column":33}},"17":{"start":{"line":50,"column":19},"end":{"line":56,"column":5}},"18":{"start":{"line":57,"column":4},"end":{"line":57,"column":61}},"19":{"start":{"line":60,"column":4},"end":{"line":60,"column":35}},"20":{"start":{"line":64,"column":19},"end":{"line":64,"column":29}}},"fnMap":{"0":{"name":"(anonymous_0)","decl":{"start":{"line":3,"column":2},"end":{"line":3,"column":3}},"loc":{"start":{"line":3,"column":47},"end":{"line":33,"column":3}},"line":3},"1":{"name":"adopt","decl":{"start":{"line":4,"column":13},"end":{"line":4,"column":18}},"loc":{"start":{"line":4,"column":26},"end":{"line":10,"column":5}},"line":4},"2":{"name":"(anonymous_2)","decl":{"start":{"line":7,"column":16},"end":{"line":7,"column":17}},"loc":{"start":{"line":7,"column":35},"end":{"line":9,"column":11}},"line":7},"3":{"name":"(anonymous_3)","decl":{"start":{"line":11,"column":36},"end":{"line":11,"column":37}},"loc":{"start":{"line":11,"column":63},"end":{"line":32,"column":5}},"line":11},"4":{"name":"fulfilled","decl":{"start":{"line":12,"column":15},"end":{"line":12,"column":24}},"loc":{"start":{"line":12,"column":32},"end":{"line":18,"column":7}},"line":12},"5":{"name":"rejected","decl":{"start":{"line":19,"column":15},"end":{"line":19,"column":23}},"loc":{"start":{"line":19,"column":31},"end":{"line":25,"column":7}},"line":19},"6":{"name":"step","decl":{"start":{"line":26,"column":15},"end":{"line":26,"column":19}},"loc":{"start":{"line":26,"column":28},"end":{"line":30,"column":7}},"line":26},"7":{"name":"(anonymous_7)","decl":{"start":{"line":39,"column":2},"end":{"line":39,"column":3}},"loc":{"start":{"line":39,"column":16},"end":{"line":41,"column":3}},"line":39},"8":{"name":"(anonymous_8)","decl":{"start":{"line":42,"column":2},"end":{"line":42,"column":3}},"loc":{"start":{"line":42,"column":19},"end":{"line":47,"column":3}},"line":42},"9":{"name":"(anonymous_9)","decl":{"start":{"line":43,"column":43},"end":{"line":43,"column":44}},"loc":{"start":{"line":43,"column":56},"end":{"line":46,"column":5}},"line":43},"10":{"name":"(anonymous_10)","decl":{"start":{"line":48,"column":2},"end":{"line":48,"column":3}},"loc":{"start":{"line":48,"column":25},"end":{"line":58,"column":3}},"line":48},"11":{"name":"(anonymous_11)","decl":{"start":{"line":59,"column":2},"end":{"line":59,"column":3}},"loc":{"start":{"line":59,"column":12},"end":{"line":61,"column":3}},"line":59}},"branchMap":{"0":{"loc":{"start":{"line":2,"column":2},"end":{"line":33,"column":3}},"type":"binary-expr","locations":[{"start":{"line":2,"column":3},"end":{"line":2,"column":7}},{"start":{"line":2,"column":11},"end":{"line":2,"column":25}},{"start":{"line":3,"column":2},"end":{"line":33,"column":3}}],"line":2},"1":{"loc":{"start":{"line":5,"column":13},"end":{"line":9,"column":12}},"type":"cond-expr","locations":[{"start":{"line":6,"column":10},"end":{"line":6,"column":15}},{"start":{"line":7,"column":10},"end":{"line":9,"column":12}}],"line":5},"2":{"loc":{"start":{"line":11,"column":16},"end":{"line":11,"column":34}},"type":"binary-expr","locations":[{"start":{"line":11,"column":16},"end":{"line":11,"column":17}},{"start":{"line":11,"column":22},"end":{"line":11,"column":33}}],"line":11},"3":{"loc":{"start":{"line":27,"column":8},"end":{"line":29,"column":57}},"type":"cond-expr","locations":[{"start":{"line":28,"column":12},"end":{"line":28,"column":33}},{"start":{"line":29,"column":12},"end":{"line":29,"column":57}}],"line":27},"4":{"loc":{"start":{"line":31,"column":49},"end":{"line":31,"column":65}},"type":"binary-expr","locations":[{"start":{"line":31,"column":49},"end":{"line":31,"column":59}},{"start":{"line":31,"column":63},"end":{"line":31,"column":65}}],"line":31},"5":{"loc":{"start":{"line":49,"column":21},"end":{"line":49,"column":33}},"type":"binary-expr","locations":[{"start":{"line":49,"column":21},"end":{"line":49,"column":25}},{"start":{"line":49,"column":29},"end":{"line":49,"column":33}}],"line":49}},"s":{"0":1,"1":1,"2":0,"3":1,"4":1,"5":1,"6":0,"7":0,"8":0,"9":0,"10":2,"11":1,"12":3,"13":1,"14":1,"15":1,"16":2,"17":2,"18":2,"19":1,"20":1},"f":{"0":1,"1":1,"2":0,"3":1,"4":1,"5":0,"6":2,"7":3,"8":1,"9":1,"10":2,"11":1},"b":{"0":[1,0,1],"1":[1,0],"2":[1,1],"3":[1,1],"4":[1,1],"5":[2,1]},"_coverageSchema":"1a1c01bbd47fc00a2c39e90264f33305004495a9","hash":"d1d29c43bd084cb3647de24c49e7fca92382ac90"}
,"/home/ubuntu/Desktop/Github/slow/build/router/Request.js": {"path":"/home/ubuntu/Desktop/Github/slow/build/router/Request.js","statementMap":{"0":{"start":{"line":1,"column":16},"end":{"line":9,"column":1}},"1":{"start":{"line":2,"column":28},"end":{"line":2,"column":110}},"2":{"start":{"line":2,"column":91},"end":{"line":2,"column":106}},"3":{"start":{"line":3,"column":4},"end":{"line":8,"column":7}},"4":{"start":{"line":4,"column":36},"end":{"line":4,"column":97}},"5":{"start":{"line":4,"column":42},"end":{"line":4,"column":70}},"6":{"start":{"line":4,"column":85},"end":{"line":4,"column":95}},"7":{"start":{"line":5,"column":35},"end":{"line":5,"column":100}},"8":{"start":{"line":5,"column":41},"end":{"line":5,"column":73}},"9":{"start":{"line":5,"column":88},"end":{"line":5,"column":98}},"10":{"start":{"line":6,"column":32},"end":{"line":6,"column":116}},"11":{"start":{"line":7,"column":8},"end":{"line":7,"column":78}},"12":{"start":{"line":13,"column":8},"end":{"line":13,"column":22}},"13":{"start":{"line":14,"column":8},"end":{"line":14,"column":23}},"14":{"start":{"line":15,"column":8},"end":{"line":15,"column":23}},"15":{"start":{"line":16,"column":8},"end":{"line":16,"column":25}},"16":{"start":{"line":19,"column":8},"end":{"line":31,"column":11}},"17":{"start":{"line":20,"column":27},"end":{"line":25,"column":14}},"18":{"start":{"line":21,"column":16},"end":{"line":23,"column":19}},"19":{"start":{"line":22,"column":20},"end":{"line":22,"column":49}},"20":{"start":{"line":24,"column":16},"end":{"line":24,"column":40}},"21":{"start":{"line":26,"column":28},"end":{"line":28,"column":14}},"22":{"start":{"line":27,"column":16},"end":{"line":27,"column":42}},"23":{"start":{"line":29,"column":12},"end":{"line":29,"column":49}},"24":{"start":{"line":30,"column":12},"end":{"line":30,"column":32}},"25":{"start":{"line":34,"column":8},"end":{"line":41,"column":9}},"26":{"start":{"line":36,"column":16},"end":{"line":36,"column":39}},"27":{"start":{"line":37,"column":16},"end":{"line":37,"column":22}},"28":{"start":{"line":39,"column":16},"end":{"line":39,"column":40}},"29":{"start":{"line":40,"column":16},"end":{"line":40,"column":22}},"30":{"start":{"line":44,"column":20},"end":{"line":44,"column":28}},"31":{"start":{"line":45,"column":8},"end":{"line":50,"column":9}},"32":{"start":{"line":46,"column":27},"end":{"line":46,"column":48}},"33":{"start":{"line":47,"column":12},"end":{"line":49,"column":15}},"34":{"start":{"line":48,"column":16},"end":{"line":48,"column":39}},"35":{"start":{"line":53,"column":8},"end":{"line":53,"column":23}},"36":{"start":{"line":54,"column":28},"end":{"line":54,"column":56}},"37":{"start":{"line":55,"column":8},"end":{"line":65,"column":9}},"38":{"start":{"line":56,"column":12},"end":{"line":64,"column":13}},"39":{"start":{"line":57,"column":16},"end":{"line":57,"column":50}},"40":{"start":{"line":59,"column":17},"end":{"line":64,"column":13}},"41":{"start":{"line":60,"column":31},"end":{"line":60,"column":61}},"42":{"start":{"line":61,"column":16},"end":{"line":63,"column":19}},"43":{"start":{"line":62,"column":20},"end":{"line":62,"column":43}}},"fnMap":{"0":{"name":"(anonymous_0)","decl":{"start":{"line":1,"column":44},"end":{"line":1,"column":45}},"loc":{"start":{"line":1,"column":89},"end":{"line":9,"column":1}},"line":1},"1":{"name":"adopt","decl":{"start":{"line":2,"column":13},"end":{"line":2,"column":18}},"loc":{"start":{"line":2,"column":26},"end":{"line":2,"column":112}},"line":2},"2":{"name":"(anonymous_2)","decl":{"start":{"line":2,"column":70},"end":{"line":2,"column":71}},"loc":{"start":{"line":2,"column":89},"end":{"line":2,"column":108}},"line":2},"3":{"name":"(anonymous_3)","decl":{"start":{"line":3,"column":36},"end":{"line":3,"column":37}},"loc":{"start":{"line":3,"column":63},"end":{"line":8,"column":5}},"line":3},"4":{"name":"fulfilled","decl":{"start":{"line":4,"column":17},"end":{"line":4,"column":26}},"loc":{"start":{"line":4,"column":34},"end":{"line":4,"column":99}},"line":4},"5":{"name":"rejected","decl":{"start":{"line":5,"column":17},"end":{"line":5,"column":25}},"loc":{"start":{"line":5,"column":33},"end":{"line":5,"column":102}},"line":5},"6":{"name":"step","decl":{"start":{"line":6,"column":17},"end":{"line":6,"column":21}},"loc":{"start":{"line":6,"column":30},"end":{"line":6,"column":118}},"line":6},"7":{"name":"(anonymous_7)","decl":{"start":{"line":12,"column":4},"end":{"line":12,"column":5}},"loc":{"start":{"line":12,"column":24},"end":{"line":17,"column":5}},"line":12},"8":{"name":"(anonymous_8)","decl":{"start":{"line":18,"column":4},"end":{"line":18,"column":5}},"loc":{"start":{"line":18,"column":11},"end":{"line":32,"column":5}},"line":18},"9":{"name":"(anonymous_9)","decl":{"start":{"line":19,"column":47},"end":{"line":19,"column":48}},"loc":{"start":{"line":19,"column":60},"end":{"line":31,"column":9}},"line":19},"10":{"name":"(anonymous_10)","decl":{"start":{"line":20,"column":39},"end":{"line":20,"column":40}},"loc":{"start":{"line":20,"column":52},"end":{"line":25,"column":13}},"line":20},"11":{"name":"(anonymous_11)","decl":{"start":{"line":21,"column":32},"end":{"line":21,"column":33}},"loc":{"start":{"line":21,"column":42},"end":{"line":23,"column":17}},"line":21},"12":{"name":"(anonymous_12)","decl":{"start":{"line":26,"column":40},"end":{"line":26,"column":41}},"loc":{"start":{"line":26,"column":53},"end":{"line":28,"column":13}},"line":26},"13":{"name":"(anonymous_13)","decl":{"start":{"line":33,"column":4},"end":{"line":33,"column":5}},"loc":{"start":{"line":33,"column":19},"end":{"line":42,"column":5}},"line":33},"14":{"name":"(anonymous_14)","decl":{"start":{"line":43,"column":4},"end":{"line":43,"column":5}},"loc":{"start":{"line":43,"column":22},"end":{"line":51,"column":5}},"line":43},"15":{"name":"(anonymous_15)","decl":{"start":{"line":47,"column":27},"end":{"line":47,"column":28}},"loc":{"start":{"line":47,"column":43},"end":{"line":49,"column":13}},"line":47},"16":{"name":"(anonymous_16)","decl":{"start":{"line":52,"column":4},"end":{"line":52,"column":5}},"loc":{"start":{"line":52,"column":23},"end":{"line":66,"column":5}},"line":52},"17":{"name":"(anonymous_17)","decl":{"start":{"line":61,"column":31},"end":{"line":61,"column":32}},"loc":{"start":{"line":61,"column":47},"end":{"line":63,"column":17}},"line":61}},"branchMap":{"0":{"loc":{"start":{"line":1,"column":16},"end":{"line":9,"column":1}},"type":"binary-expr","locations":[{"start":{"line":1,"column":17},"end":{"line":1,"column":21}},{"start":{"line":1,"column":25},"end":{"line":1,"column":39}},{"start":{"line":1,"column":44},"end":{"line":9,"column":1}}],"line":1},"1":{"loc":{"start":{"line":2,"column":35},"end":{"line":2,"column":109}},"type":"cond-expr","locations":[{"start":{"line":2,"column":56},"end":{"line":2,"column":61}},{"start":{"line":2,"column":64},"end":{"line":2,"column":109}}],"line":2},"2":{"loc":{"start":{"line":3,"column":16},"end":{"line":3,"column":34}},"type":"binary-expr","locations":[{"start":{"line":3,"column":16},"end":{"line":3,"column":17}},{"start":{"line":3,"column":22},"end":{"line":3,"column":33}}],"line":3},"3":{"loc":{"start":{"line":6,"column":32},"end":{"line":6,"column":115}},"type":"cond-expr","locations":[{"start":{"line":6,"column":46},"end":{"line":6,"column":67}},{"start":{"line":6,"column":70},"end":{"line":6,"column":115}}],"line":6},"4":{"loc":{"start":{"line":7,"column":51},"end":{"line":7,"column":67}},"type":"binary-expr","locations":[{"start":{"line":7,"column":51},"end":{"line":7,"column":61}},{"start":{"line":7,"column":65},"end":{"line":7,"column":67}}],"line":7},"5":{"loc":{"start":{"line":34,"column":8},"end":{"line":41,"column":9}},"type":"switch","locations":[{"start":{"line":35,"column":12},"end":{"line":37,"column":22}},{"start":{"line":38,"column":12},"end":{"line":40,"column":22}}],"line":34},"6":{"loc":{"start":{"line":45,"column":8},"end":{"line":50,"column":9}},"type":"if","locations":[{"start":{"line":45,"column":8},"end":{"line":50,"column":9}},{"start":{},"end":{}}],"line":45},"7":{"loc":{"start":{"line":45,"column":12},"end":{"line":45,"column":74}},"type":"cond-expr","locations":[{"start":{"line":45,"column":45},"end":{"line":45,"column":51}},{"start":{"line":45,"column":54},"end":{"line":45,"column":74}}],"line":45},"8":{"loc":{"start":{"line":45,"column":12},"end":{"line":45,"column":42}},"type":"binary-expr","locations":[{"start":{"line":45,"column":12},"end":{"line":45,"column":24}},{"start":{"line":45,"column":28},"end":{"line":45,"column":42}}],"line":45},"9":{"loc":{"start":{"line":55,"column":8},"end":{"line":65,"column":9}},"type":"if","locations":[{"start":{"line":55,"column":8},"end":{"line":65,"column":9}},{"start":{},"end":{}}],"line":55},"10":{"loc":{"start":{"line":56,"column":12},"end":{"line":64,"column":13}},"type":"if","locations":[{"start":{"line":56,"column":12},"end":{"line":64,"column":13}},{"start":{"line":59,"column":17},"end":{"line":64,"column":13}}],"line":56},"11":{"loc":{"start":{"line":59,"column":17},"end":{"line":64,"column":13}},"type":"if","locations":[{"start":{"line":59,"column":17},"end":{"line":64,"column":13}},{"start":{},"end":{}}],"line":59}},"s":{"0":1,"1":1,"2":0,"3":1,"4":1,"5":1,"6":0,"7":0,"8":0,"9":0,"10":2,"11":1,"12":1,"13":1,"14":1,"15":1,"16":1,"17":1,"18":1,"19":0,"20":1,"21":1,"22":1,"23":1,"24":1,"25":1,"26":1,"27":1,"28":0,"29":0,"30":1,"31":1,"32":1,"33":1,"34":0,"35":0,"36":0,"37":0,"38":0,"39":0,"40":0,"41":0,"42":0,"43":0},"f":{"0":1,"1":1,"2":0,"3":1,"4":1,"5":0,"6":2,"7":1,"8":1,"9":1,"10":1,"11":0,"12":1,"13":1,"14":1,"15":0,"16":0,"17":0},"b":{"0":[1,0,1],"1":[1,0],"2":[1,1],"3":[1,1],"4":[1,1],"5":[1,0],"6":[1,0],"7":[0,1],"8":[1,1],"9":[0,0],"10":[0,0],"11":[0,0]},"_coverageSchema":"1a1c01bbd47fc00a2c39e90264f33305004495a9","hash":"73cdc101c5f061b3f0fe5842aea6b951e1e96cfe"}
,"/home/ubuntu/Desktop/Github/slow/build/router/Response.js": {"path":"/home/ubuntu/Desktop/Github/slow/build/router/Response.js","statementMap":{"0":{"start":{"line":4,"column":8},"end":{"line":4,"column":19}},"1":{"start":{"line":7,"column":8},"end":{"line":7,"column":23}},"2":{"start":{"line":8,"column":8},"end":{"line":8,"column":20}}},"fnMap":{"0":{"name":"(anonymous_0)","decl":{"start":{"line":3,"column":4},"end":{"line":3,"column":5}},"loc":{"start":{"line":3,"column":21},"end":{"line":5,"column":5}},"line":3},"1":{"name":"(anonymous_1)","decl":{"start":{"line":6,"column":4},"end":{"line":6,"column":5}},"loc":{"start":{"line":6,"column":15},"end":{"line":9,"column":5}},"line":6}},"branchMap":{},"s":{"0":1,"1":0,"2":0},"f":{"0":1,"1":0},"b":{},"_coverageSchema":"1a1c01bbd47fc00a2c39e90264f33305004495a9","hash":"8d4a4c207210b42bce72406be41a080a55d196b2"}
,"/home/ubuntu/Desktop/Github/slow/build/router/Route.js": {"path":"/home/ubuntu/Desktop/Github/slow/build/router/Route.js","statementMap":{"0":{"start":{"line":3,"column":8},"end":{"line":3,"column":25}},"1":{"start":{"line":4,"column":8},"end":{"line":4,"column":26}},"2":{"start":{"line":5,"column":8},"end":{"line":5,"column":59}},"3":{"start":{"line":8,"column":24},"end":{"line":8,"column":39}},"4":{"start":{"line":9,"column":8},"end":{"line":13,"column":9}},"5":{"start":{"line":9,"column":21},"end":{"line":9,"column":22}},"6":{"start":{"line":10,"column":12},"end":{"line":12,"column":13}},"7":{"start":{"line":11,"column":16},"end":{"line":11,"column":47}}},"fnMap":{"0":{"name":"(anonymous_0)","decl":{"start":{"line":2,"column":4},"end":{"line":2,"column":5}},"loc":{"start":{"line":2,"column":22},"end":{"line":6,"column":5}},"line":2},"1":{"name":"(anonymous_1)","decl":{"start":{"line":7,"column":4},"end":{"line":7,"column":5}},"loc":{"start":{"line":7,"column":31},"end":{"line":14,"column":5}},"line":7}},"branchMap":{"0":{"loc":{"start":{"line":10,"column":12},"end":{"line":12,"column":13}},"type":"if","locations":[{"start":{"line":10,"column":12},"end":{"line":12,"column":13}},{"start":{},"end":{}}],"line":10}},"s":{"0":0,"1":0,"2":0,"3":0,"4":0,"5":0,"6":0,"7":0},"f":{"0":0,"1":0},"b":{"0":[0,0]},"_coverageSchema":"1a1c01bbd47fc00a2c39e90264f33305004495a9","hash":"64d06935a5001349c09f18988b9bec6ce79f16b2"}
,"/home/ubuntu/Desktop/Github/slow/build/router/Router.js": {"path":"/home/ubuntu/Desktop/Github/slow/build/router/Router.js","statementMap":{"0":{"start":{"line":5,"column":4},"end":{"line":5,"column":21}},"1":{"start":{"line":6,"column":4},"end":{"line":6,"column":22}},"2":{"start":{"line":7,"column":4},"end":{"line":12,"column":6}},"3":{"start":{"line":8,"column":25},"end":{"line":8,"column":45}},"4":{"start":{"line":9,"column":20},"end":{"line":9,"column":35}},"5":{"start":{"line":10,"column":6},"end":{"line":10,"column":39}},"6":{"start":{"line":11,"column":6},"end":{"line":11,"column":38}},"7":{"start":{"line":15,"column":17},"end":{"line":15,"column":35}},"8":{"start":{"line":16,"column":19},"end":{"line":16,"column":38}},"9":{"start":{"line":17,"column":18},"end":{"line":17,"column":35}},"10":{"start":{"line":19,"column":4},"end":{"line":25,"column":5}},"11":{"start":{"line":20,"column":23},"end":{"line":20,"column":44}},"12":{"start":{"line":21,"column":6},"end":{"line":24,"column":7}},"13":{"start":{"line":22,"column":8},"end":{"line":22,"column":27}},"14":{"start":{"line":23,"column":8},"end":{"line":23,"column":15}},"15":{"start":{"line":27,"column":28},"end":{"line":27,"column":57}},"16":{"start":{"line":28,"column":29},"end":{"line":28,"column":57}},"17":{"start":{"line":29,"column":4},"end":{"line":38,"column":5}},"18":{"start":{"line":30,"column":6},"end":{"line":32,"column":7}},"19":{"start":{"line":31,"column":8},"end":{"line":31,"column":73}},"20":{"start":{"line":33,"column":23},"end":{"line":33,"column":55}},"21":{"start":{"line":34,"column":6},"end":{"line":37,"column":7}},"22":{"start":{"line":35,"column":8},"end":{"line":35,"column":27}},"23":{"start":{"line":36,"column":8},"end":{"line":36,"column":15}},"24":{"start":{"line":40,"column":19},"end":{"line":40,"column":34}},"25":{"start":{"line":41,"column":4},"end":{"line":52,"column":5}},"26":{"start":{"line":42,"column":27},"end":{"line":42,"column":67}},"27":{"start":{"line":43,"column":28},"end":{"line":43,"column":53}},"28":{"start":{"line":44,"column":6},"end":{"line":50,"column":7}},"29":{"start":{"line":45,"column":25},"end":{"line":45,"column":54}},"30":{"start":{"line":46,"column":8},"end":{"line":49,"column":9}},"31":{"start":{"line":47,"column":10},"end":{"line":47,"column":29}},"32":{"start":{"line":48,"column":10},"end":{"line":48,"column":17}},"33":{"start":{"line":51,"column":6},"end":{"line":51,"column":39}},"34":{"start":{"line":54,"column":4},"end":{"line":69,"column":5}},"35":{"start":{"line":55,"column":19},"end":{"line":55,"column":40}},"36":{"start":{"line":56,"column":6},"end":{"line":68,"column":7}},"37":{"start":{"line":57,"column":8},"end":{"line":67,"column":9}},"38":{"start":{"line":58,"column":10},"end":{"line":62,"column":11}},"39":{"start":{"line":59,"column":28},"end":{"line":59,"column":65}},"40":{"start":{"line":60,"column":12},"end":{"line":60,"column":31}},"41":{"start":{"line":61,"column":12},"end":{"line":61,"column":22}},"42":{"start":{"line":64,"column":26},"end":{"line":64,"column":47}},"43":{"start":{"line":65,"column":10},"end":{"line":65,"column":29}},"44":{"start":{"line":66,"column":10},"end":{"line":66,"column":20}},"45":{"start":{"line":70,"column":4},"end":{"line":70,"column":25}},"46":{"start":{"line":71,"column":4},"end":{"line":71,"column":19}},"47":{"start":{"line":74,"column":4},"end":{"line":74,"column":30}},"48":{"start":{"line":77,"column":16},"end":{"line":77,"column":49}},"49":{"start":{"line":78,"column":17},"end":{"line":78,"column":34}},"50":{"start":{"line":79,"column":4},"end":{"line":79,"column":16}},"51":{"start":{"line":83,"column":4},"end":{"line":87,"column":6}},"52":{"start":{"line":90,"column":20},"end":{"line":90,"column":35}},"53":{"start":{"line":91,"column":26},"end":{"line":96,"column":6}},"54":{"start":{"line":92,"column":6},"end":{"line":94,"column":7}},"55":{"start":{"line":93,"column":8},"end":{"line":93,"column":21}},"56":{"start":{"line":95,"column":6},"end":{"line":95,"column":15}},"57":{"start":{"line":97,"column":4},"end":{"line":97,"column":35}},"58":{"start":{"line":100,"column":28},"end":{"line":104,"column":21}},"59":{"start":{"line":105,"column":4},"end":{"line":105,"column":27}},"60":{"start":{"line":108,"column":25},"end":{"line":108,"column":76}},"61":{"start":{"line":109,"column":4},"end":{"line":109,"column":24}}},"fnMap":{"0":{"name":"(anonymous_0)","decl":{"start":{"line":4,"column":2},"end":{"line":4,"column":3}},"loc":{"start":{"line":4,"column":16},"end":{"line":13,"column":3}},"line":4},"1":{"name":"(anonymous_1)","decl":{"start":{"line":7,"column":17},"end":{"line":7,"column":18}},"loc":{"start":{"line":7,"column":45},"end":{"line":12,"column":5}},"line":7},"2":{"name":"(anonymous_2)","decl":{"start":{"line":14,"column":2},"end":{"line":14,"column":3}},"loc":{"start":{"line":14,"column":19},"end":{"line":72,"column":3}},"line":14},"3":{"name":"(anonymous_3)","decl":{"start":{"line":73,"column":2},"end":{"line":73,"column":3}},"loc":{"start":{"line":73,"column":15},"end":{"line":75,"column":3}},"line":73},"4":{"name":"(anonymous_4)","decl":{"start":{"line":76,"column":2},"end":{"line":76,"column":3}},"loc":{"start":{"line":76,"column":16},"end":{"line":80,"column":3}},"line":76},"5":{"name":"(anonymous_5)","decl":{"start":{"line":81,"column":2},"end":{"line":81,"column":3}},"loc":{"start":{"line":81,"column":17},"end":{"line":88,"column":3}},"line":81},"6":{"name":"(anonymous_6)","decl":{"start":{"line":89,"column":2},"end":{"line":89,"column":3}},"loc":{"start":{"line":89,"column":18},"end":{"line":98,"column":3}},"line":89},"7":{"name":"(anonymous_7)","decl":{"start":{"line":91,"column":38},"end":{"line":91,"column":39}},"loc":{"start":{"line":91,"column":45},"end":{"line":96,"column":5}},"line":91},"8":{"name":"(anonymous_8)","decl":{"start":{"line":99,"column":2},"end":{"line":99,"column":3}},"loc":{"start":{"line":99,"column":27},"end":{"line":106,"column":3}},"line":99},"9":{"name":"(anonymous_9)","decl":{"start":{"line":107,"column":2},"end":{"line":107,"column":3}},"loc":{"start":{"line":107,"column":24},"end":{"line":110,"column":3}},"line":107}},"branchMap":{"0":{"loc":{"start":{"line":19,"column":4},"end":{"line":25,"column":5}},"type":"if","locations":[{"start":{"line":19,"column":4},"end":{"line":25,"column":5}},{"start":{},"end":{}}],"line":19},"1":{"loc":{"start":{"line":21,"column":6},"end":{"line":24,"column":7}},"type":"if","locations":[{"start":{"line":21,"column":6},"end":{"line":24,"column":7}},{"start":{},"end":{}}],"line":21},"2":{"loc":{"start":{"line":29,"column":4},"end":{"line":38,"column":5}},"type":"if","locations":[{"start":{"line":29,"column":4},"end":{"line":38,"column":5}},{"start":{},"end":{}}],"line":29},"3":{"loc":{"start":{"line":30,"column":6},"end":{"line":32,"column":7}},"type":"if","locations":[{"start":{"line":30,"column":6},"end":{"line":32,"column":7}},{"start":{},"end":{}}],"line":30},"4":{"loc":{"start":{"line":34,"column":6},"end":{"line":37,"column":7}},"type":"if","locations":[{"start":{"line":34,"column":6},"end":{"line":37,"column":7}},{"start":{},"end":{}}],"line":34},"5":{"loc":{"start":{"line":44,"column":6},"end":{"line":50,"column":7}},"type":"if","locations":[{"start":{"line":44,"column":6},"end":{"line":50,"column":7}},{"start":{},"end":{}}],"line":44},"6":{"loc":{"start":{"line":46,"column":8},"end":{"line":49,"column":9}},"type":"if","locations":[{"start":{"line":46,"column":8},"end":{"line":49,"column":9}},{"start":{},"end":{}}],"line":46},"7":{"loc":{"start":{"line":56,"column":6},"end":{"line":68,"column":7}},"type":"if","locations":[{"start":{"line":56,"column":6},"end":{"line":68,"column":7}},{"start":{},"end":{}}],"line":56},"8":{"loc":{"start":{"line":57,"column":8},"end":{"line":67,"column":9}},"type":"if","locations":[{"start":{"line":57,"column":8},"end":{"line":67,"column":9}},{"start":{"line":63,"column":15},"end":{"line":67,"column":9}}],"line":57},"9":{"loc":{"start":{"line":58,"column":10},"end":{"line":62,"column":11}},"type":"if","locations":[{"start":{"line":58,"column":10},"end":{"line":62,"column":11}},{"start":{},"end":{}}],"line":58},"10":{"loc":{"start":{"line":77,"column":35},"end":{"line":77,"column":48}},"type":"binary-expr","locations":[{"start":{"line":77,"column":35},"end":{"line":77,"column":42}},{"start":{"line":77,"column":46},"end":{"line":77,"column":48}}],"line":77},"11":{"loc":{"start":{"line":84,"column":6},"end":{"line":86,"column":36}},"type":"binary-expr","locations":[{"start":{"line":84,"column":7},"end":{"line":86,"column":26}},{"start":{"line":86,"column":31},"end":{"line":86,"column":36}}],"line":84},"12":{"loc":{"start":{"line":84,"column":7},"end":{"line":86,"column":26}},"type":"cond-expr","locations":[{"start":{"line":85,"column":10},"end":{"line":85,"column":16}},{"start":{"line":86,"column":10},"end":{"line":86,"column":26}}],"line":84},"13":{"loc":{"start":{"line":84,"column":7},"end":{"line":84,"column":50}},"type":"binary-expr","locations":[{"start":{"line":84,"column":7},"end":{"line":84,"column":33}},{"start":{"line":84,"column":37},"end":{"line":84,"column":50}}],"line":84},"14":{"loc":{"start":{"line":92,"column":6},"end":{"line":94,"column":7}},"type":"if","locations":[{"start":{"line":92,"column":6},"end":{"line":94,"column":7}},{"start":{},"end":{}}],"line":92}},"s":{"0":3,"1":3,"2":3,"3":0,"4":0,"5":0,"6":0,"7":1,"8":1,"9":1,"10":1,"11":0,"12":0,"13":0,"14":0,"15":1,"16":1,"17":1,"18":0,"19":0,"20":0,"21":0,"22":0,"23":0,"24":1,"25":1,"26":1,"27":1,"28":1,"29":0,"30":0,"31":0,"32":0,"33":1,"34":1,"35":0,"36":0,"37":0,"38":0,"39":0,"40":0,"41":0,"42":0,"43":0,"44":0,"45":1,"46":1,"47":0,"48":1,"49":1,"50":1,"51":1,"52":0,"53":0,"54":0,"55":0,"56":0,"57":0,"58":1,"59":1,"60":1,"61":1},"f":{"0":3,"1":0,"2":1,"3":0,"4":1,"5":1,"6":0,"7":0,"8":1,"9":1},"b":{"0":[0,1],"1":[0,0],"2":[0,1],"3":[0,0],"4":[0,0],"5":[0,1],"6":[0,0],"7":[0,0],"8":[0,0],"9":[0,0],"10":[1,0],"11":[1,0],"12":[0,1],"13":[1,1],"14":[0,0]},"_coverageSchema":"1a1c01bbd47fc00a2c39e90264f33305004495a9","hash":"201157e7ef14e82d02b2d5b576a03b9de9b00901"}
}
